[13-Apr-2020 11:34:17 Asia/Tokyo] POSTされた！
[13-Apr-2020 11:34:17 Asia/Tokyo] スタート画面に戻る
[13-Apr-2020 11:34:18 Asia/Tokyo] POSTされた！
[13-Apr-2020 11:34:18 Asia/Tokyo] ゲームスタート
[13-Apr-2020 11:34:20 Asia/Tokyo] POSTされた！
[13-Apr-2020 11:34:20 Asia/Tokyo] スタート画面に戻る
[13-Apr-2020 11:34:22 Asia/Tokyo] POSTされた！
[13-Apr-2020 11:34:22 Asia/Tokyo] ゲームスタート
[13-Apr-2020 11:34:23 Asia/Tokyo] POSTされた！
[13-Apr-2020 11:34:23 Asia/Tokyo] こうげきを選択
[13-Apr-2020 11:34:23 Asia/Tokyo] ねこが回復させた
[13-Apr-2020 11:34:28 Asia/Tokyo] POSTされた！
[13-Apr-2020 11:34:28 Asia/Tokyo] こうげきを選択
[13-Apr-2020 11:34:30 Asia/Tokyo] POSTされた！
[13-Apr-2020 11:34:30 Asia/Tokyo] こうげきを選択
[13-Apr-2020 11:34:32 Asia/Tokyo] POSTされた！
[13-Apr-2020 11:34:32 Asia/Tokyo] こうげきを選択
[13-Apr-2020 11:34:32 Asia/Tokyo] かぜウイルスを倒した
[13-Apr-2020 11:34:36 Asia/Tokyo] POSTされた！
[13-Apr-2020 11:34:36 Asia/Tokyo] こうげきを選択
[13-Apr-2020 11:34:38 Asia/Tokyo] POSTされた！
[13-Apr-2020 11:34:38 Asia/Tokyo] こうげきを選択
[13-Apr-2020 11:34:40 Asia/Tokyo] POSTされた！
[13-Apr-2020 11:34:40 Asia/Tokyo] こうげきを選択
[28-Apr-2020 09:17:22 Asia/Tokyo] POSTされた！
[28-Apr-2020 09:17:22 Asia/Tokyo] ゲームスタート
[28-Apr-2020 09:17:36 Asia/Tokyo] POSTされた！
[28-Apr-2020 09:17:36 Asia/Tokyo] こうげきを選択
[28-Apr-2020 09:26:11 Asia/Tokyo] POSTされた！
[28-Apr-2020 09:26:11 Asia/Tokyo] こうげきを選択
[28-Apr-2020 09:26:13 Asia/Tokyo] POSTされた！
[28-Apr-2020 09:26:13 Asia/Tokyo] スタート画面に戻る
[28-Apr-2020 09:26:14 Asia/Tokyo] POSTされた！
[28-Apr-2020 09:26:14 Asia/Tokyo] ゲームスタート
[28-Apr-2020 09:26:16 Asia/Tokyo] POSTされた！
[28-Apr-2020 09:26:16 Asia/Tokyo] こうげきを選択
[28-Apr-2020 09:26:17 Asia/Tokyo] POSTされた！
[28-Apr-2020 09:26:17 Asia/Tokyo] こうげきを選択
[28-Apr-2020 09:26:18 Asia/Tokyo] POSTされた！
[28-Apr-2020 09:26:18 Asia/Tokyo] こうげきを選択
[28-Apr-2020 09:26:18 Asia/Tokyo] かぜウイルスを倒した
[28-Apr-2020 09:26:20 Asia/Tokyo] POSTされた！
[28-Apr-2020 09:26:20 Asia/Tokyo] こうげきを選択
[28-Apr-2020 09:31:06 Asia/Tokyo] POSTされた！
[28-Apr-2020 09:31:06 Asia/Tokyo] こうげきを選択
[28-Apr-2020 09:31:08 Asia/Tokyo] POSTされた！
[28-Apr-2020 09:31:08 Asia/Tokyo] スタート画面に戻る
[28-Apr-2020 09:31:10 Asia/Tokyo] POSTされた！
[28-Apr-2020 09:31:10 Asia/Tokyo] ゲームスタート
[28-Apr-2020 09:32:34 Asia/Tokyo] POSTされた！
[28-Apr-2020 09:32:34 Asia/Tokyo] ぼうぎょを選択
[28-Apr-2020 09:32:36 Asia/Tokyo] POSTされた！
[28-Apr-2020 09:32:36 Asia/Tokyo] スタート画面に戻る
[28-Apr-2020 09:32:52 Asia/Tokyo] POSTされた！
[28-Apr-2020 09:32:53 Asia/Tokyo] ゲームスタート
[28-Apr-2020 09:32:54 Asia/Tokyo] POSTされた！
[28-Apr-2020 09:32:54 Asia/Tokyo] こうげきを選択
[22-May-2020 20:36:47 UTC] POSTされた！
[22-May-2020 20:36:47 UTC] ゲームスタート
[22-May-2020 20:36:48 UTC] POSTされた！
[22-May-2020 20:36:48 UTC] こうげきを選択
[22-May-2020 20:36:50 UTC] POSTされた！
[22-May-2020 20:36:50 UTC] こうげきを選択
[22-May-2020 20:36:50 UTC] POSTされた！
[22-May-2020 20:36:50 UTC] こうげきを選択
